Vivado Simulator v2025.1.0
Copyright 1986-2022 Xilinx, Inc. All Rights Reserved.
Copyright 2022-2025 Advanced Micro Devices, Inc. All Rights Reserved.
Running: C:/Xilinx/2025.1/Vivado/bin/unwrapped/win64.o/xelab.exe --incr --debug typical --relax --mt 2 -L xil_defaultlib -L unisims_ver -L unimacro_ver -L secureip --snapshot topmodule_tb_behav xil_defaultlib.topmodule_tb xil_defaultlib.glbl -log elaborate.log 
Using 2 slave threads.
Starting static elaboration
Pass Through NonSizing Optimizer
Completed static elaboration
Starting simulation data flow analysis
Completed simulation data flow analysis
Time Resolution for simulation is 1ps
Compiling module xil_defaultlib.debouncer
Compiling module xil_defaultlib.instruction_receiver
Compiling module xil_defaultlib.isa_decoder
Compiling module xil_defaultlib.alu
Compiling module xil_defaultlib.memhandler_experimental
Compiling module xil_defaultlib.regFile_redesign
Compiling module xil_defaultlib.cpu_debug
Compiling module xil_defaultlib.topmodule_tb
Compiling module xil_defaultlib.glbl
Built simulation snapshot topmodule_tb_behav
